{"total": {"lines":{"total":1975,"covered":1798,"skipped":0,"pct":91.03},"statements":{"total":1975,"covered":1798,"skipped":0,"pct":91.03},"functions":{"total":70,"covered":58,"skipped":0,"pct":82.85},"branches":{"total":124,"covered":117,"skipped":0,"pct":94.35},"branchesTrue":{"total":0,"covered":0,"skipped":0,"pct":100}}
,"D:\\Repos\\TypeScript\\oldubil_calculator_extension\\src\\app.constants.ts": {"lines":{"total":2,"covered":2,"skipped":0,"pct":100},"functions":{"total":0,"covered":0,"skipped":0,"pct":100},"statements":{"total":2,"covered":2,"skipped":0,"pct":100},"branches":{"total":0,"covered":0,"skipped":0,"pct":100}}
,"D:\\Repos\\TypeScript\\oldubil_calculator_extension\\src\\assets\\components\\CurrencyInput\\CurrencyInput.tsx": {"lines":{"total":96,"covered":19,"skipped":0,"pct":19.79},"functions":{"total":1,"covered":0,"skipped":0,"pct":0},"statements":{"total":96,"covered":19,"skipped":0,"pct":19.79},"branches":{"total":0,"covered":0,"skipped":0,"pct":100}}
,"D:\\Repos\\TypeScript\\oldubil_calculator_extension\\src\\assets\\components\\InfoPreview\\InfoPreview.tsx": {"lines":{"total":33,"covered":13,"skipped":0,"pct":39.39},"functions":{"total":1,"covered":0,"skipped":0,"pct":0},"statements":{"total":33,"covered":13,"skipped":0,"pct":39.39},"branches":{"total":0,"covered":0,"skipped":0,"pct":100}}
,"D:\\Repos\\TypeScript\\oldubil_calculator_extension\\src\\assets\\components\\Layout\\Layout.tsx": {"lines":{"total":27,"covered":27,"skipped":0,"pct":100},"functions":{"total":1,"covered":1,"skipped":0,"pct":100},"statements":{"total":27,"covered":27,"skipped":0,"pct":100},"branches":{"total":1,"covered":1,"skipped":0,"pct":100}}
,"D:\\Repos\\TypeScript\\oldubil_calculator_extension\\src\\assets\\components\\LazyComponent\\LazyComponent.tsx": {"lines":{"total":30,"covered":30,"skipped":0,"pct":100},"functions":{"total":1,"covered":1,"skipped":0,"pct":100},"statements":{"total":30,"covered":30,"skipped":0,"pct":100},"branches":{"total":1,"covered":1,"skipped":0,"pct":100}}
,"D:\\Repos\\TypeScript\\oldubil_calculator_extension\\src\\assets\\components\\Page\\Page.tsx": {"lines":{"total":49,"covered":49,"skipped":0,"pct":100},"functions":{"total":1,"covered":1,"skipped":0,"pct":100},"statements":{"total":49,"covered":49,"skipped":0,"pct":100},"branches":{"total":1,"covered":1,"skipped":0,"pct":100}}
,"D:\\Repos\\TypeScript\\oldubil_calculator_extension\\src\\assets\\components\\Portal\\Portal.tsx": {"lines":{"total":23,"covered":23,"skipped":0,"pct":100},"functions":{"total":1,"covered":1,"skipped":0,"pct":100},"statements":{"total":23,"covered":23,"skipped":0,"pct":100},"branches":{"total":3,"covered":3,"skipped":0,"pct":100}}
,"D:\\Repos\\TypeScript\\oldubil_calculator_extension\\src\\assets\\components\\Redirect\\Redirect.tsx": {"lines":{"total":35,"covered":35,"skipped":0,"pct":100},"functions":{"total":1,"covered":1,"skipped":0,"pct":100},"statements":{"total":35,"covered":35,"skipped":0,"pct":100},"branches":{"total":3,"covered":3,"skipped":0,"pct":100}}
,"D:\\Repos\\TypeScript\\oldubil_calculator_extension\\src\\assets\\components\\SplashScreen\\SplashScreen.tsx": {"lines":{"total":31,"covered":31,"skipped":0,"pct":100},"functions":{"total":1,"covered":1,"skipped":0,"pct":100},"statements":{"total":31,"covered":31,"skipped":0,"pct":100},"branches":{"total":1,"covered":1,"skipped":0,"pct":100}}
,"D:\\Repos\\TypeScript\\oldubil_calculator_extension\\src\\assets\\components\\ui\\CheckBox\\CheckBox.tsx": {"lines":{"total":170,"covered":166,"skipped":0,"pct":97.64},"functions":{"total":2,"covered":1,"skipped":0,"pct":50},"statements":{"total":170,"covered":166,"skipped":0,"pct":97.64},"branches":{"total":9,"covered":9,"skipped":0,"pct":100}}
,"D:\\Repos\\TypeScript\\oldubil_calculator_extension\\src\\assets\\components\\ui\\DragMenu\\DragMenu.tsx": {"lines":{"total":40,"covered":40,"skipped":0,"pct":100},"functions":{"total":1,"covered":1,"skipped":0,"pct":100},"statements":{"total":40,"covered":40,"skipped":0,"pct":100},"branches":{"total":3,"covered":3,"skipped":0,"pct":100}}
,"D:\\Repos\\TypeScript\\oldubil_calculator_extension\\src\\assets\\components\\ui\\Loader\\Loader.tsx": {"lines":{"total":136,"covered":136,"skipped":0,"pct":100},"functions":{"total":1,"covered":1,"skipped":0,"pct":100},"statements":{"total":136,"covered":136,"skipped":0,"pct":100},"branches":{"total":5,"covered":5,"skipped":0,"pct":100}}
,"D:\\Repos\\TypeScript\\oldubil_calculator_extension\\src\\assets\\components\\ui\\Overlay\\Overlay.tsx": {"lines":{"total":86,"covered":82,"skipped":0,"pct":95.34},"functions":{"total":2,"covered":2,"skipped":0,"pct":100},"statements":{"total":86,"covered":82,"skipped":0,"pct":95.34},"branches":{"total":10,"covered":8,"skipped":0,"pct":80}}
,"D:\\Repos\\TypeScript\\oldubil_calculator_extension\\src\\assets\\components\\ui\\ProgressiveImage\\ProgressiveImage.tsx": {"lines":{"total":42,"covered":38,"skipped":0,"pct":90.47},"functions":{"total":3,"covered":2,"skipped":0,"pct":66.66},"statements":{"total":42,"covered":38,"skipped":0,"pct":90.47},"branches":{"total":5,"covered":5,"skipped":0,"pct":100}}
,"D:\\Repos\\TypeScript\\oldubil_calculator_extension\\src\\assets\\components\\ui\\Radio\\Radio.tsx": {"lines":{"total":100,"covered":100,"skipped":0,"pct":100},"functions":{"total":1,"covered":1,"skipped":0,"pct":100},"statements":{"total":100,"covered":100,"skipped":0,"pct":100},"branches":{"total":1,"covered":1,"skipped":0,"pct":100}}
,"D:\\Repos\\TypeScript\\oldubil_calculator_extension\\src\\assets\\components\\ui\\RunningLine\\RunningLine.tsx": {"lines":{"total":57,"covered":57,"skipped":0,"pct":100},"functions":{"total":1,"covered":1,"skipped":0,"pct":100},"statements":{"total":57,"covered":57,"skipped":0,"pct":100},"branches":{"total":3,"covered":3,"skipped":0,"pct":100}}
,"D:\\Repos\\TypeScript\\oldubil_calculator_extension\\src\\assets\\components\\ui\\UiContainer\\UiContainer.tsx": {"lines":{"total":40,"covered":40,"skipped":0,"pct":100},"functions":{"total":4,"covered":4,"skipped":0,"pct":100},"statements":{"total":40,"covered":40,"skipped":0,"pct":100},"branches":{"total":4,"covered":4,"skipped":0,"pct":100}}
,"D:\\Repos\\TypeScript\\oldubil_calculator_extension\\src\\assets\\components\\ui\\UiGrid\\UiGrid.tsx": {"lines":{"total":70,"covered":70,"skipped":0,"pct":100},"functions":{"total":3,"covered":3,"skipped":0,"pct":100},"statements":{"total":70,"covered":70,"skipped":0,"pct":100},"branches":{"total":3,"covered":3,"skipped":0,"pct":100}}
,"D:\\Repos\\TypeScript\\oldubil_calculator_extension\\src\\assets\\components\\ui\\masonry\\Block\\Block.tsx": {"lines":{"total":28,"covered":28,"skipped":0,"pct":100},"functions":{"total":1,"covered":1,"skipped":0,"pct":100},"statements":{"total":28,"covered":28,"skipped":0,"pct":100},"branches":{"total":1,"covered":1,"skipped":0,"pct":100}}
,"D:\\Repos\\TypeScript\\oldubil_calculator_extension\\src\\assets\\components\\ui\\masonry\\Column\\Column.tsx": {"lines":{"total":28,"covered":28,"skipped":0,"pct":100},"functions":{"total":1,"covered":1,"skipped":0,"pct":100},"statements":{"total":28,"covered":28,"skipped":0,"pct":100},"branches":{"total":1,"covered":1,"skipped":0,"pct":100}}
,"D:\\Repos\\TypeScript\\oldubil_calculator_extension\\src\\assets\\components\\ui\\masonry\\Masonry\\Masonry.tsx": {"lines":{"total":53,"covered":53,"skipped":0,"pct":100},"functions":{"total":1,"covered":1,"skipped":0,"pct":100},"statements":{"total":53,"covered":53,"skipped":0,"pct":100},"branches":{"total":3,"covered":3,"skipped":0,"pct":100}}
,"D:\\Repos\\TypeScript\\oldubil_calculator_extension\\src\\assets\\errors\\ArgumentError.ts": {"lines":{"total":15,"covered":15,"skipped":0,"pct":100},"functions":{"total":1,"covered":1,"skipped":0,"pct":100},"statements":{"total":15,"covered":15,"skipped":0,"pct":100},"branches":{"total":1,"covered":1,"skipped":0,"pct":100}}
,"D:\\Repos\\TypeScript\\oldubil_calculator_extension\\src\\assets\\hooks\\useAppSettings.ts": {"lines":{"total":48,"covered":48,"skipped":0,"pct":100},"functions":{"total":5,"covered":4,"skipped":0,"pct":80},"statements":{"total":48,"covered":48,"skipped":0,"pct":100},"branches":{"total":5,"covered":5,"skipped":0,"pct":100}}
,"D:\\Repos\\TypeScript\\oldubil_calculator_extension\\src\\assets\\hooks\\useBodyClassnames.ts": {"lines":{"total":35,"covered":35,"skipped":0,"pct":100},"functions":{"total":1,"covered":1,"skipped":0,"pct":100},"statements":{"total":35,"covered":35,"skipped":0,"pct":100},"branches":{"total":2,"covered":2,"skipped":0,"pct":100}}
,"D:\\Repos\\TypeScript\\oldubil_calculator_extension\\src\\assets\\hooks\\useBoolean.ts": {"lines":{"total":20,"covered":20,"skipped":0,"pct":100},"functions":{"total":1,"covered":1,"skipped":0,"pct":100},"statements":{"total":20,"covered":20,"skipped":0,"pct":100},"branches":{"total":3,"covered":3,"skipped":0,"pct":100}}
,"D:\\Repos\\TypeScript\\oldubil_calculator_extension\\src\\assets\\hooks\\useEnv.ts": {"lines":{"total":29,"covered":29,"skipped":0,"pct":100},"functions":{"total":1,"covered":1,"skipped":0,"pct":100},"statements":{"total":29,"covered":29,"skipped":0,"pct":100},"branches":{"total":1,"covered":1,"skipped":0,"pct":100}}
,"D:\\Repos\\TypeScript\\oldubil_calculator_extension\\src\\assets\\hooks\\useLocalization.ts": {"lines":{"total":39,"covered":22,"skipped":0,"pct":56.41},"functions":{"total":2,"covered":1,"skipped":0,"pct":50},"statements":{"total":39,"covered":22,"skipped":0,"pct":56.41},"branches":{"total":1,"covered":1,"skipped":0,"pct":100}}
,"D:\\Repos\\TypeScript\\oldubil_calculator_extension\\src\\assets\\hooks\\useUniqueId.ts": {"lines":{"total":37,"covered":37,"skipped":0,"pct":100},"functions":{"total":1,"covered":1,"skipped":0,"pct":100},"statements":{"total":37,"covered":37,"skipped":0,"pct":100},"branches":{"total":3,"covered":3,"skipped":0,"pct":100}}
,"D:\\Repos\\TypeScript\\oldubil_calculator_extension\\src\\assets\\localization\\I18Locales.ts": {"lines":{"total":27,"covered":20,"skipped":0,"pct":74.07},"functions":{"total":1,"covered":1,"skipped":0,"pct":100},"statements":{"total":27,"covered":20,"skipped":0,"pct":74.07},"branches":{"total":4,"covered":1,"skipped":0,"pct":25}}
,"D:\\Repos\\TypeScript\\oldubil_calculator_extension\\src\\assets\\pages\\MainPage\\MainPage.tsx": {"lines":{"total":35,"covered":35,"skipped":0,"pct":100},"functions":{"total":1,"covered":1,"skipped":0,"pct":100},"statements":{"total":35,"covered":35,"skipped":0,"pct":100},"branches":{"total":1,"covered":1,"skipped":0,"pct":100}}
,"D:\\Repos\\TypeScript\\oldubil_calculator_extension\\src\\assets\\pages\\TestingPage\\TestingPage.tsx": {"lines":{"total":59,"covered":57,"skipped":0,"pct":96.61},"functions":{"total":4,"covered":1,"skipped":0,"pct":25},"statements":{"total":59,"covered":57,"skipped":0,"pct":96.61},"branches":{"total":5,"covered":4,"skipped":0,"pct":80}}
,"D:\\Repos\\TypeScript\\oldubil_calculator_extension\\src\\assets\\providers\\BodyClassnameProvider\\BodyClassnameProvider.tsx": {"lines":{"total":52,"covered":50,"skipped":0,"pct":96.15},"functions":{"total":5,"covered":4,"skipped":0,"pct":80},"statements":{"total":52,"covered":50,"skipped":0,"pct":96.15},"branches":{"total":6,"covered":6,"skipped":0,"pct":100}}
,"D:\\Repos\\TypeScript\\oldubil_calculator_extension\\src\\assets\\providers\\GlobalProvider\\GlobalProvider.tsx": {"lines":{"total":21,"covered":21,"skipped":0,"pct":100},"functions":{"total":1,"covered":1,"skipped":0,"pct":100},"statements":{"total":21,"covered":21,"skipped":0,"pct":100},"branches":{"total":1,"covered":1,"skipped":0,"pct":100}}
,"D:\\Repos\\TypeScript\\oldubil_calculator_extension\\src\\assets\\providers\\SizesProvider\\SizesProvider.tsx": {"lines":{"total":15,"covered":15,"skipped":0,"pct":100},"functions":{"total":1,"covered":1,"skipped":0,"pct":100},"statements":{"total":15,"covered":15,"skipped":0,"pct":100},"branches":{"total":1,"covered":1,"skipped":0,"pct":100}}
,"D:\\Repos\\TypeScript\\oldubil_calculator_extension\\src\\assets\\providers\\ThemeProvider\\ThemeProvider.tsx": {"lines":{"total":19,"covered":19,"skipped":0,"pct":100},"functions":{"total":1,"covered":1,"skipped":0,"pct":100},"statements":{"total":19,"covered":19,"skipped":0,"pct":100},"branches":{"total":2,"covered":2,"skipped":0,"pct":100}}
,"D:\\Repos\\TypeScript\\oldubil_calculator_extension\\src\\assets\\redux\\hooks.ts": {"lines":{"total":12,"covered":12,"skipped":0,"pct":100},"functions":{"total":1,"covered":1,"skipped":0,"pct":100},"statements":{"total":12,"covered":12,"skipped":0,"pct":100},"branches":{"total":1,"covered":1,"skipped":0,"pct":100}}
,"D:\\Repos\\TypeScript\\oldubil_calculator_extension\\src\\assets\\redux\\index.ts": {"lines":{"total":56,"covered":56,"skipped":0,"pct":100},"functions":{"total":1,"covered":1,"skipped":0,"pct":100},"statements":{"total":56,"covered":56,"skipped":0,"pct":100},"branches":{"total":1,"covered":1,"skipped":0,"pct":100}}
,"D:\\Repos\\TypeScript\\oldubil_calculator_extension\\src\\assets\\redux\\reducers\\appSettingsSlice.ts": {"lines":{"total":73,"covered":45,"skipped":0,"pct":61.64},"functions":{"total":2,"covered":1,"skipped":0,"pct":50},"statements":{"total":73,"covered":45,"skipped":0,"pct":61.64},"branches":{"total":1,"covered":1,"skipped":0,"pct":100}}
,"D:\\Repos\\TypeScript\\oldubil_calculator_extension\\src\\assets\\utils\\getUiSx.ts": {"lines":{"total":38,"covered":38,"skipped":0,"pct":100},"functions":{"total":2,"covered":2,"skipped":0,"pct":100},"statements":{"total":38,"covered":38,"skipped":0,"pct":100},"branches":{"total":12,"covered":12,"skipped":0,"pct":100}}
,"D:\\Repos\\TypeScript\\oldubil_calculator_extension\\src\\assets\\utils\\math-utils.ts": {"lines":{"total":22,"covered":12,"skipped":0,"pct":54.54},"functions":{"total":2,"covered":1,"skipped":0,"pct":50},"statements":{"total":22,"covered":12,"skipped":0,"pct":54.54},"branches":{"total":2,"covered":2,"skipped":0,"pct":100}}
,"D:\\Repos\\TypeScript\\oldubil_calculator_extension\\src\\assets\\utils\\numericGenerator.ts": {"lines":{"total":17,"covered":17,"skipped":0,"pct":100},"functions":{"total":1,"covered":1,"skipped":0,"pct":100},"statements":{"total":17,"covered":17,"skipped":0,"pct":100},"branches":{"total":3,"covered":3,"skipped":0,"pct":100}}
,"D:\\Repos\\TypeScript\\oldubil_calculator_extension\\src\\assets\\utils\\renderWithProviders.tsx": {"lines":{"total":94,"covered":94,"skipped":0,"pct":100},"functions":{"total":4,"covered":4,"skipped":0,"pct":100},"statements":{"total":94,"covered":94,"skipped":0,"pct":100},"branches":{"total":7,"covered":7,"skipped":0,"pct":100}}
,"D:\\Repos\\TypeScript\\oldubil_calculator_extension\\src\\assets\\utils\\skipTestCondition.ts": {"lines":{"total":19,"covered":17,"skipped":0,"pct":89.47},"functions":{"total":1,"covered":1,"skipped":0,"pct":100},"statements":{"total":19,"covered":17,"skipped":0,"pct":89.47},"branches":{"total":2,"covered":1,"skipped":0,"pct":50}}
,"D:\\Repos\\TypeScript\\oldubil_calculator_extension\\src\\assets\\utils\\type-checks.ts": {"lines":{"total":17,"covered":17,"skipped":0,"pct":100},"functions":{"total":1,"covered":1,"skipped":0,"pct":100},"statements":{"total":17,"covered":17,"skipped":0,"pct":100},"branches":{"total":1,"covered":1,"skipped":0,"pct":100}}
}
